2017-12-24T22:37:08.416Z - info: Server started.
2017-12-24T22:37:08.417Z - info: Server DNS:		localhost
2017-12-24T22:37:08.417Z - info: Server Port:		8080
2017-12-24T22:37:08.417Z - info: Log Level:		debug
2017-12-24T22:37:08.417Z - info:  
2017-12-24T22:37:33.052Z - info: Server started.
2017-12-24T22:37:33.052Z - info: Server DNS:		localhost
2017-12-24T22:37:33.052Z - info: Server Port:		8080
2017-12-24T22:37:33.053Z - info: Log Level:		debug
2017-12-24T22:37:33.053Z - info:  
2017-12-24T22:37:59.915Z - info: Server started.
2017-12-24T22:37:59.916Z - info: Server DNS:		localhost
2017-12-24T22:37:59.916Z - info: Server Port:		8080
2017-12-24T22:37:59.916Z - info: Log Level:		debug
2017-12-24T22:37:59.916Z - info:  
2017-12-24T22:39:27.277Z - info: Server started.
2017-12-24T22:39:27.278Z - info: Server DNS:		localhost
2017-12-24T22:39:27.278Z - info: Server Port:		8080
2017-12-24T22:39:27.278Z - info: Log Level:		debug
2017-12-24T22:39:27.278Z - info:  
2017-12-24T22:39:27.278Z - info:  
2017-12-24T22:39:53.132Z - info: Server started.
2017-12-24T22:39:53.133Z - info: Server DNS:		localhost
2017-12-24T22:39:53.133Z - info: Server Port:		8080
2017-12-24T22:39:53.133Z - info: Log Level:		debug
2017-12-24T22:39:53.133Z - info:  
2017-12-24T22:39:53.133Z - info: Sub-Domains
2017-12-24T22:39:53.133Z - info:  
2017-12-24T22:39:53.133Z - info:  
2017-12-24T22:40:46.898Z - info: Server started.
2017-12-24T22:40:46.899Z - info: Server DNS:		test.io
2017-12-24T22:40:46.899Z - info: Server Port:		8080
2017-12-24T22:40:46.899Z - info: Log Level:		debug
2017-12-24T22:40:46.899Z - info:  
2017-12-24T22:40:46.899Z - info: Sub-Domains
2017-12-24T22:40:46.899Z - info: rajpatel.test.io
2017-12-24T22:40:46.899Z - info:  
2017-12-24T22:41:09.062Z - info: Server started.
2017-12-24T22:41:09.062Z - info: Server DNS:		test.io
2017-12-24T22:41:09.063Z - info: Server Port:		8080
2017-12-24T22:41:09.063Z - info: Log Level:		debug
2017-12-24T22:41:09.063Z - info:  
2017-12-24T22:41:09.063Z - info: Sub-Domains
2017-12-24T22:41:09.063Z - info: rajpatel.test.io
2017-12-24T22:41:09.063Z - info:  
2017-12-24T22:41:39.836Z - info: Server started.
2017-12-24T22:41:39.837Z - info: Server DNS:		test.io
2017-12-24T22:41:39.837Z - info: Server Port:		8080
2017-12-24T22:41:39.837Z - info: Log Level:		debug
2017-12-24T22:41:39.837Z - info:  
2017-12-24T22:41:39.837Z - info: Sub-Domains
2017-12-24T22:41:39.837Z - info: rajpatel.test.io
2017-12-24T22:41:39.837Z - info:  
2017-12-24T22:42:03.034Z - info: Server started.
2017-12-24T22:42:03.035Z - info: Server DNS:		test.io
2017-12-24T22:42:03.035Z - info: Server Port:		8080
2017-12-24T22:42:03.035Z - info: Log Level:		debug
2017-12-24T22:42:03.035Z - info:  
2017-12-24T22:42:03.035Z - info: Sub-Domains
2017-12-24T22:42:03.035Z - info: rajpatel.test.io
2017-12-24T22:42:03.036Z - info:  
2017-12-24T22:42:59.795Z - info: Server started.
2017-12-24T22:42:59.796Z - info: Server DNS:		test.io
2017-12-24T22:42:59.796Z - info: Server Port:		8080
2017-12-24T22:42:59.796Z - info: Log Level:		debug
2017-12-24T22:42:59.796Z - info:  
2017-12-24T22:42:59.797Z - info: Sub-Domains
2017-12-24T22:42:59.797Z - info: rajpatel.test.io
2017-12-24T22:42:59.797Z - info:  
2017-12-24T22:43:52.626Z - info: Server started.
2017-12-24T22:43:52.627Z - info: Server DNS:		test.io
2017-12-24T22:43:52.627Z - info: Server Port:		8080
2017-12-24T22:43:52.627Z - info: Log Level:		debug
2017-12-24T22:43:52.627Z - info:  
2017-12-24T22:43:52.627Z - info: Sub-Domains
2017-12-24T22:43:52.627Z - info: rajpatel.test.io
2017-12-24T22:43:52.627Z - info:  
2017-12-24T22:44:00.929Z - info: Server started.
2017-12-24T22:44:00.929Z - info: Server DNS:		test.io
2017-12-24T22:44:00.929Z - info: Server Port:		8080
2017-12-24T22:44:00.930Z - info: Log Level:		debug
2017-12-24T22:44:00.930Z - info:  
2017-12-24T22:44:00.930Z - info: Sub-Domains
2017-12-24T22:44:00.930Z - info: rajpatel.test.io
2017-12-24T22:44:00.930Z - info:  
2017-12-24T22:44:14.385Z - info: Server started.
2017-12-24T22:44:14.386Z - info: Server DNS:		test.io
2017-12-24T22:44:14.386Z - info: Server Port:		8080
2017-12-24T22:44:14.386Z - info: Log Level:		debug
2017-12-24T22:44:14.387Z - info:  
2017-12-24T22:44:14.387Z - info: Sub-Domains
2017-12-24T22:44:14.387Z - info: rajpatel.test.io
2017-12-24T22:44:14.387Z - info:  
2017-12-24T22:44:42.866Z - info: Server started.
2017-12-24T22:44:42.866Z - info: Server DNS:		test.io
2017-12-24T22:44:42.866Z - info: Server Port:		8080
2017-12-24T22:44:42.866Z - info: Log Level:		debug
2017-12-24T22:44:42.867Z - info:  
2017-12-24T22:44:42.867Z - info: Sub-Domains
2017-12-24T22:44:42.867Z - info: rajpatel.test.io
2017-12-24T22:44:42.867Z - info:  
2017-12-24T22:45:08.485Z - info: Server started.
2017-12-24T22:45:08.486Z - info: Server DNS:		test.io
2017-12-24T22:45:08.486Z - info: Server Port:		8080
2017-12-24T22:45:08.486Z - info: Log Level:		debug
2017-12-24T22:45:08.486Z - info:  
2017-12-24T22:45:08.486Z - info: Sub-Domains
2017-12-24T22:45:08.486Z - info: rajpatel.test.io
2017-12-24T22:45:08.486Z - info:  
2017-12-24T22:45:44.062Z - info: Server started.
2017-12-24T22:45:44.063Z - info: Server DNS:		test.io
2017-12-24T22:45:44.063Z - info: Server Port:		8080
2017-12-24T22:45:44.063Z - info: Log Level:		debug
2017-12-24T22:45:44.063Z - info:  
2017-12-24T22:45:44.063Z - info: Sub-Domains
2017-12-24T22:45:44.063Z - info: rajpatel.test.io
2017-12-24T22:45:44.063Z - info:  
2017-12-24T22:46:11.495Z - info: Server started.
2017-12-24T22:46:11.496Z - info: Server DNS:		test.io
2017-12-24T22:46:11.496Z - info: Server Port:		8080
2017-12-24T22:46:11.496Z - info: Log Level:		debug
2017-12-24T22:46:11.496Z - info:  
2017-12-24T22:46:11.496Z - info: Sub-Domains
2017-12-24T22:46:11.496Z - info: rajpatel.test.io
2017-12-24T22:46:11.496Z - info:  
2017-12-24T22:46:20.883Z - info: Server started.
2017-12-24T22:46:20.884Z - info: Server DNS:		test.io
2017-12-24T22:46:20.884Z - info: Server Port:		8080
2017-12-24T22:46:20.884Z - info: Log Level:		debug
2017-12-24T22:46:20.885Z - info:  
2017-12-24T22:46:20.885Z - info: Sub-Domains
2017-12-24T22:46:20.885Z - info: rajpatel.test.io
2017-12-24T22:46:20.885Z - info:  
2017-12-24T22:53:54.691Z - info: Server started.
2017-12-24T22:53:54.692Z - info: Server DNS:		test.io
2017-12-24T22:53:54.692Z - info: Server Port:		8080
2017-12-24T22:53:54.692Z - info: Log Level:		debug
2017-12-24T22:53:54.692Z - info:  
2017-12-24T22:53:54.692Z - info: Sub-Domains
2017-12-24T22:53:54.692Z - info: rajpatel.test.io
2017-12-24T22:53:54.692Z - info:  
2017-12-24T22:57:29.756Z - info: Server started.
2017-12-24T22:57:29.757Z - info: Server DNS:		test.io
2017-12-24T22:57:29.757Z - info: Server Port:		8080
2017-12-24T22:57:29.757Z - info: Log Level:		debug
2017-12-24T22:57:29.757Z - info:  
2017-12-24T22:57:29.757Z - info: Sub-Domains
2017-12-24T22:57:29.757Z - info: rajpatel.test.io
2017-12-24T22:57:29.757Z - info:  
2017-12-24T23:01:07.104Z - info: Server started.
2017-12-24T23:01:07.105Z - info: Server DNS:		test.io
2017-12-24T23:01:07.105Z - info: Server Port:		8080
2017-12-24T23:01:07.105Z - info: Log Level:		debug
2017-12-24T23:01:07.105Z - info:  
2017-12-24T23:01:07.106Z - info: Sub-Domains
2017-12-24T23:01:07.106Z - info: rajpatel.test.io
2017-12-24T23:01:07.106Z - info:  
2017-12-24T23:01:39.335Z - info: Server started.
2017-12-24T23:01:39.336Z - info: Server DNS:		test.io
2017-12-24T23:01:39.336Z - info: Server Port:		8080
2017-12-24T23:01:39.336Z - info: Log Level:		debug
2017-12-24T23:01:39.336Z - info:  
2017-12-24T23:01:39.336Z - info: Sub-Domains
2017-12-24T23:01:39.337Z - info: rajpatel.test.io
2017-12-24T23:01:39.337Z - info:  
2017-12-24T23:02:02.086Z - info: Server started.
2017-12-24T23:02:02.087Z - info: Server DNS:		test.io
2017-12-24T23:02:02.087Z - info: Server Port:		8080
2017-12-24T23:02:02.087Z - info: Log Level:		debug
2017-12-24T23:02:02.087Z - info:  
2017-12-24T23:02:02.088Z - info: Sub-Domains
2017-12-24T23:02:02.088Z - info: rajpatel.test.io
2017-12-24T23:02:02.088Z - info:  
2017-12-24T23:02:08.759Z - info: Server started.
2017-12-24T23:02:08.760Z - info: Server DNS:		test.io
2017-12-24T23:02:08.760Z - info: Server Port:		8080
2017-12-24T23:02:08.760Z - info: Log Level:		debug
2017-12-24T23:02:08.760Z - info:  
2017-12-24T23:02:08.760Z - info: Sub-Domains
2017-12-24T23:02:08.760Z - info: rajpatel.test.io
2017-12-24T23:02:08.760Z - info:  
2017-12-24T23:07:08.744Z - info: Server started.
2017-12-24T23:07:08.745Z - info: Server DNS:		test.io
2017-12-24T23:07:08.745Z - info: Server Port:		8080
2017-12-24T23:07:08.745Z - info: Log Level:		debug
2017-12-24T23:07:08.745Z - info:  
2017-12-24T23:07:08.745Z - info: Sub-Domains
2017-12-24T23:07:08.745Z - info: rajpatel.test.io
2017-12-24T23:07:08.745Z - info:  
2017-12-24T23:08:33.724Z - info: Server started.
2017-12-24T23:08:33.725Z - info: Server DNS:		test.io
2017-12-24T23:08:33.725Z - info: Server Port:		8080
2017-12-24T23:08:33.725Z - info: Log Level:		debug
2017-12-24T23:08:33.725Z - info:  
2017-12-24T23:08:33.725Z - info: Sub-Domains
2017-12-24T23:08:33.725Z - info: rajpatel.test.io
2017-12-24T23:08:33.725Z - info:  
2017-12-24T23:13:00.474Z - info: Server started.
2017-12-24T23:13:00.475Z - info: Server DNS:		test.io
2017-12-24T23:13:00.475Z - info: Server Port:		8080
2017-12-24T23:13:00.475Z - info: Log Level:		debug
2017-12-24T23:13:00.475Z - info:  
2017-12-24T23:13:00.475Z - info: Sub-Domains
2017-12-24T23:13:00.475Z - info: rajpatel.test.io
2017-12-24T23:13:00.475Z - info:  
2017-12-24T23:13:35.224Z - info: Server started.
2017-12-24T23:13:35.225Z - info: Server DNS:		test.io
2017-12-24T23:13:35.225Z - info: Server Port:		8080
2017-12-24T23:13:35.226Z - info: Log Level:		debug
2017-12-24T23:13:35.226Z - info:  
2017-12-24T23:13:35.226Z - info: Sub-Domains
2017-12-24T23:13:35.226Z - info: rajpatel.test.io
2017-12-24T23:13:35.226Z - info:  
2017-12-24T23:14:13.031Z - info: Server started.
2017-12-24T23:14:13.031Z - info: Server DNS:		test.io
2017-12-24T23:14:13.032Z - info: Server Port:		8080
2017-12-24T23:14:13.032Z - info: Log Level:		debug
2017-12-24T23:14:13.032Z - info:  
2017-12-24T23:14:13.032Z - info: Sub-Domains
2017-12-24T23:14:13.032Z - info: rajpatel.test.io
2017-12-24T23:14:13.032Z - info:  
2017-12-24T23:15:28.653Z - info: Server started.
2017-12-24T23:15:28.654Z - info: Server DNS:		test.io
2017-12-24T23:15:28.654Z - info: Server Port:		8080
2017-12-24T23:15:28.654Z - info: Log Level:		debug
2017-12-24T23:15:28.654Z - info:  
2017-12-24T23:15:28.654Z - info: Sub-Domains
2017-12-24T23:15:28.654Z - info: rajpatel.test.io
2017-12-24T23:15:28.655Z - info:  
2017-12-24T23:23:48.225Z - info: Server started.
2017-12-24T23:23:48.226Z - info: Server DNS:		test.io
2017-12-24T23:23:48.226Z - info: Server Port:		8080
2017-12-24T23:23:48.226Z - info: Log Level:		debug
2017-12-24T23:23:48.227Z - info:  
2017-12-24T23:23:48.227Z - info: Sub-Domains
2017-12-24T23:23:48.227Z - info: rajpatel.test.io
2017-12-24T23:23:48.227Z - info:  
2017-12-24T23:29:09.977Z - info: Server started.
2017-12-24T23:29:09.978Z - info: Server DNS:		test.io
2017-12-24T23:29:09.978Z - info: Server Port:		8080
2017-12-24T23:29:09.978Z - info: Log Level:		debug
2017-12-24T23:29:09.978Z - info:  
2017-12-24T23:29:09.978Z - info: Sub-Domains
2017-12-24T23:29:09.978Z - info: rajpatel.test.io
2017-12-24T23:29:09.978Z - info:  
2017-12-24T23:29:30.877Z - info: Server started.
2017-12-24T23:29:30.878Z - info: Server DNS:		test.io
2017-12-24T23:29:30.879Z - info: Server Port:		8080
2017-12-24T23:29:30.879Z - info: Log Level:		debug
2017-12-24T23:29:30.879Z - info:  
2017-12-24T23:29:30.879Z - info: Sub-Domains
2017-12-24T23:29:30.879Z - info: rajpatel.test.io
2017-12-24T23:29:30.879Z - info:  
2017-12-24T23:30:17.537Z - info: Server started.
2017-12-24T23:30:17.538Z - info: Server DNS:		test.io
2017-12-24T23:30:17.538Z - info: Server Port:		8080
2017-12-24T23:30:17.538Z - info: Log Level:		debug
2017-12-24T23:30:17.538Z - info:  
2017-12-24T23:30:17.538Z - info: Sub-Domains
2017-12-24T23:30:17.538Z - info: rajpatel.test.io
2017-12-24T23:30:17.538Z - info:  
2017-12-24T23:34:09.703Z - info: Server started.
2017-12-24T23:34:09.704Z - info: Server DNS:		test.io
2017-12-24T23:34:09.704Z - info: Server Port:		8080
2017-12-24T23:34:09.704Z - info: Log Level:		debug
2017-12-24T23:34:09.704Z - info:  
2017-12-24T23:34:09.704Z - info: Sub-Domains
2017-12-24T23:34:09.704Z - info: rajpatel.test.io
2017-12-24T23:34:09.704Z - info:  
2017-12-24T23:34:24.499Z - info: Server started.
2017-12-24T23:34:24.500Z - info: Server DNS:		test.io
2017-12-24T23:34:24.500Z - info: Server Port:		8080
2017-12-24T23:34:24.500Z - info: Log Level:		debug
2017-12-24T23:34:24.500Z - info:  
2017-12-24T23:34:24.500Z - info: Sub-Domains
2017-12-24T23:34:24.500Z - info: rajpatel.test.io
2017-12-24T23:34:24.501Z - info:  
2017-12-24T23:34:36.413Z - info: Server started.
2017-12-24T23:34:36.414Z - info: Server DNS:		test.io
2017-12-24T23:34:36.414Z - info: Server Port:		8080
2017-12-24T23:34:36.414Z - info: Log Level:		debug
2017-12-24T23:34:36.415Z - info:  
2017-12-24T23:34:36.415Z - info: Sub-Domains
2017-12-24T23:34:36.415Z - info: rajpatel.test.io
2017-12-24T23:34:36.415Z - info:  
2017-12-24T23:34:47.665Z - info: Server started.
2017-12-24T23:34:47.665Z - info: Server DNS:		test.io
2017-12-24T23:34:47.665Z - info: Server Port:		8080
2017-12-24T23:34:47.666Z - info: Log Level:		debug
2017-12-24T23:34:47.666Z - info:  
2017-12-24T23:34:47.666Z - info: Sub-Domains
2017-12-24T23:34:47.666Z - info: rajpatel.test.io
2017-12-24T23:34:47.666Z - info:  
2017-12-24T23:35:12.976Z - info: Server started.
2017-12-24T23:35:12.977Z - info: Server DNS:		test.io
2017-12-24T23:35:12.977Z - info: Server Port:		8080
2017-12-24T23:35:12.977Z - info: Log Level:		debug
2017-12-24T23:35:12.977Z - info:  
2017-12-24T23:35:12.977Z - info: Sub-Domains
2017-12-24T23:35:12.977Z - info: rajpatel.test.io
2017-12-24T23:35:12.977Z - info:  
2017-12-25T00:52:14.007Z - info: Server started.
2017-12-25T00:52:14.007Z - info: Server DNS:		test.io
2017-12-25T00:52:14.007Z - info: Server Port:		8080
2017-12-25T00:52:14.007Z - info: Log Level:		debug
2017-12-25T00:52:14.007Z - info:  
2017-12-25T00:52:14.007Z - info: Sub-Domains
2017-12-25T00:52:14.007Z - info: rajpatel.test.io
2017-12-25T00:52:14.008Z - info:  
2017-12-25T00:52:18.263Z - info: Server started.
2017-12-25T00:52:18.264Z - info: Server DNS:		test.io
2017-12-25T00:52:18.264Z - info: Server Port:		8080
2017-12-25T00:52:18.264Z - info: Log Level:		debug
2017-12-25T00:52:18.264Z - info:  
2017-12-25T00:52:18.264Z - info: Sub-Domains
2017-12-25T00:52:18.264Z - info: rajpatel.test.io
2017-12-25T00:52:18.264Z - info:  
2017-12-25T01:15:57.544Z - info: Server started.
2017-12-25T01:15:57.544Z - info: Server DNS:		test.io
2017-12-25T01:15:57.545Z - info: Server Port:		8080
2017-12-25T01:15:57.545Z - info: Log Level:		debug
2017-12-25T01:15:57.545Z - info:  
2017-12-25T01:15:57.545Z - info: Sub-Domains
2017-12-25T01:15:57.545Z - info: rajpatel.test.io
2017-12-25T01:15:57.545Z - info:  
2017-12-25T02:12:51.667Z - info: Server started.
2017-12-25T02:12:51.668Z - info: Server DNS:		test.io
2017-12-25T02:12:51.668Z - info: Server Port:		8080
2017-12-25T02:12:51.668Z - info: Log Level:		debug
2017-12-25T02:12:51.668Z - info:  
2017-12-25T02:12:51.668Z - info: Sub-Domains
2017-12-25T02:12:51.668Z - info: rajpatel.test.io
2017-12-25T02:12:51.668Z - info:  
2017-12-25T02:56:32.082Z - info: Server started.
2017-12-25T02:56:32.083Z - info: Server DNS:		test.io
2017-12-25T02:56:32.083Z - info: Server Port:		8080
2017-12-25T02:56:32.083Z - info: Log Level:		debug
2017-12-25T02:56:32.083Z - info:  
2017-12-25T02:56:32.083Z - info: Sub-Domains
2017-12-25T02:56:32.083Z - info: rajpatel.test.io
2017-12-25T02:56:32.083Z - info:  
2017-12-25T03:28:17.262Z - info: Server started.
2017-12-25T03:28:17.263Z - info: Server DNS:		test.io
2017-12-25T03:28:17.263Z - info: Server Port:		8080
2017-12-25T03:28:17.263Z - info: Log Level:		debug
2017-12-25T03:28:17.263Z - info:  
2017-12-25T03:28:17.263Z - info: Sub-Domains
2017-12-25T03:28:17.264Z - info: rajpatel.test.io
2017-12-25T03:28:17.264Z - info:  
2017-12-25T03:28:42.299Z - info: Server started.
2017-12-25T03:28:42.299Z - info: Server DNS:		test.io
2017-12-25T03:28:42.299Z - info: Server Port:		8080
2017-12-25T03:28:42.299Z - info: Log Level:		debug
2017-12-25T03:28:42.299Z - info:  
2017-12-25T03:28:42.300Z - info: Sub-Domains
2017-12-25T03:28:42.300Z - info: rajpatel.test.io
2017-12-25T03:28:42.300Z - info:  
2017-12-25T03:29:26.401Z - info: Server started.
2017-12-25T03:29:26.402Z - info: Server DNS:		test.io
2017-12-25T03:29:26.402Z - info: Server Port:		8080
2017-12-25T03:29:26.402Z - info: Log Level:		debug
2017-12-25T03:29:26.402Z - info:  
2017-12-25T03:29:26.402Z - info: Sub-Domains
2017-12-25T03:29:26.403Z - info: rajpatel.test.io
2017-12-25T03:29:26.403Z - info:  
2017-12-25T03:29:32.893Z - info: Server started.
2017-12-25T03:29:32.894Z - info: Server DNS:		test.io
2017-12-25T03:29:32.894Z - info: Server Port:		8080
2017-12-25T03:29:32.894Z - info: Log Level:		debug
2017-12-25T03:29:32.894Z - info:  
2017-12-25T03:29:32.894Z - info: Sub-Domains
2017-12-25T03:29:32.894Z - info: rajpatel.test.io
2017-12-25T03:29:32.894Z - info:  
2017-12-25T03:30:58.562Z - info: Server started.
2017-12-25T03:30:58.563Z - info: Server DNS:		test.io
2017-12-25T03:30:58.564Z - info: Server Port:		8080
2017-12-25T03:30:58.564Z - info: Log Level:		debug
2017-12-25T03:30:58.564Z - info:  
2017-12-25T03:30:58.564Z - info: Sub-Domains
2017-12-25T03:30:58.564Z - info: rajpatel.test.io
2017-12-25T03:30:58.564Z - info:  
2017-12-25T03:37:46.349Z - info: Server started.
2017-12-25T03:37:46.350Z - info: Server DNS:		test.io
2017-12-25T03:37:46.350Z - info: Server Port:		8080
2017-12-25T03:37:46.350Z - info: Log Level:		debug
2017-12-25T03:37:46.350Z - info:  
2017-12-25T03:37:46.350Z - info: Sub-Domains
2017-12-25T03:37:46.350Z - info: rajpatel.test.io
2017-12-25T03:37:46.350Z - info:  
2017-12-25T03:38:36.137Z - info: Server started.
2017-12-25T03:38:36.138Z - info: Server DNS:		test.io
2017-12-25T03:38:36.139Z - info: Server Port:		8080
2017-12-25T03:38:36.139Z - info: Log Level:		debug
2017-12-25T03:38:36.139Z - info:  
2017-12-25T03:38:36.139Z - info: Sub-Domains
2017-12-25T03:38:36.139Z - info: rajpatel.test.io
2017-12-25T03:38:36.139Z - info:  
2017-12-25T03:39:28.420Z - info: Server started.
2017-12-25T03:39:28.421Z - info: Server DNS:		test.io
2017-12-25T03:39:28.421Z - info: Server Port:		8080
2017-12-25T03:39:28.421Z - info: Log Level:		debug
2017-12-25T03:39:28.421Z - info:  
2017-12-25T03:39:28.421Z - info: Sub-Domains
2017-12-25T03:39:28.421Z - info: rajpatel.test.io
2017-12-25T03:39:28.421Z - info:  
2017-12-25T03:39:39.720Z - info: Server started.
2017-12-25T03:39:39.721Z - info: Server DNS:		test.io
2017-12-25T03:39:39.721Z - info: Server Port:		8080
2017-12-25T03:39:39.721Z - info: Log Level:		debug
2017-12-25T03:39:39.721Z - info:  
2017-12-25T03:39:39.721Z - info: Sub-Domains
2017-12-25T03:39:39.721Z - info: rajpatel.test.io
2017-12-25T03:39:39.721Z - info:  
2017-12-25T03:39:45.527Z - info: Server started.
2017-12-25T03:39:45.528Z - info: Server DNS:		test.io
2017-12-25T03:39:45.528Z - info: Server Port:		8080
2017-12-25T03:39:45.528Z - info: Log Level:		debug
2017-12-25T03:39:45.528Z - info:  
2017-12-25T03:39:45.528Z - info: Sub-Domains
2017-12-25T03:39:45.528Z - info: rajpatel.test.io
2017-12-25T03:39:45.529Z - info:  
2017-12-25T03:41:05.555Z - info: Server started.
2017-12-25T03:41:05.556Z - info: Server DNS:		test.io
2017-12-25T03:41:05.556Z - info: Server Port:		8080
2017-12-25T03:41:05.556Z - info: Log Level:		debug
2017-12-25T03:41:05.556Z - info:  
2017-12-25T03:41:05.556Z - info: Sub-Domains
2017-12-25T03:41:05.556Z - info: rajpatel.test.io
2017-12-25T03:41:05.556Z - info:  
2017-12-25T03:41:09.911Z - info: Server started.
2017-12-25T03:41:09.912Z - info: Server DNS:		test.io
2017-12-25T03:41:09.913Z - info: Server Port:		8080
2017-12-25T03:41:09.913Z - info: Log Level:		debug
2017-12-25T03:41:09.913Z - info:  
2017-12-25T03:41:09.913Z - info: Sub-Domains
2017-12-25T03:41:09.913Z - info: rajpatel.test.io
2017-12-25T03:41:09.913Z - info:  
2017-12-25T03:42:19.126Z - info: Server started.
2017-12-25T03:42:19.128Z - info: Server DNS:		test.io
2017-12-25T03:42:19.128Z - info: Server Port:		8080
2017-12-25T03:42:19.128Z - info: Log Level:		debug
2017-12-25T03:42:19.128Z - info:  
2017-12-25T03:42:19.128Z - info: Sub-Domains
2017-12-25T03:42:19.128Z - info: rajpatel.test.io
2017-12-25T03:42:19.128Z - info:  
2017-12-25T03:42:30.146Z - info: Server started.
2017-12-25T03:42:30.147Z - info: Server DNS:		test.io
2017-12-25T03:42:30.147Z - info: Server Port:		8080
2017-12-25T03:42:30.147Z - info: Log Level:		debug
2017-12-25T03:42:30.148Z - info:  
2017-12-25T03:42:30.148Z - info: Sub-Domains
2017-12-25T03:42:30.148Z - info: rajpatel.test.io
2017-12-25T03:42:30.148Z - info:  
2017-12-25T03:42:37.819Z - info: Server started.
2017-12-25T03:42:37.820Z - info: Server DNS:		test.io
2017-12-25T03:42:37.820Z - info: Server Port:		8080
2017-12-25T03:42:37.820Z - info: Log Level:		debug
2017-12-25T03:42:37.820Z - info:  
2017-12-25T03:42:37.820Z - info: Sub-Domains
2017-12-25T03:42:37.820Z - info: rajpatel.test.io
2017-12-25T03:42:37.820Z - info:  
2017-12-25T03:43:47.963Z - info: Server started.
2017-12-25T03:43:47.964Z - info: Server DNS:		test.io
2017-12-25T03:43:47.964Z - info: Server Port:		8080
2017-12-25T03:43:47.964Z - info: Log Level:		debug
2017-12-25T03:43:47.964Z - info:  
2017-12-25T03:43:47.964Z - info: Sub-Domains
2017-12-25T03:43:47.964Z - info: rajpatel.test.io
2017-12-25T03:43:47.964Z - info:  
2017-12-25T03:51:14.616Z - info: Server started.
2017-12-25T03:51:14.618Z - info: Server DNS:		test.io
2017-12-25T03:51:14.618Z - info: Server Port:		8080
2017-12-25T03:51:14.618Z - info: Log Level:		debug
2017-12-25T03:51:14.618Z - info:  
2017-12-25T03:51:14.618Z - info: Sub-Domains
2017-12-25T03:51:14.618Z - info: rajpatel.test.io
2017-12-25T03:51:14.618Z - info:  
2017-12-25T03:51:18.733Z - info: Server started.
2017-12-25T03:51:18.734Z - info: Server DNS:		test.io
2017-12-25T03:51:18.734Z - info: Server Port:		8080
2017-12-25T03:51:18.734Z - info: Log Level:		debug
2017-12-25T03:51:18.734Z - info:  
2017-12-25T03:51:18.734Z - info: Sub-Domains
2017-12-25T03:51:18.734Z - info: rajpatel.test.io
2017-12-25T03:51:18.734Z - info:  
2017-12-25T03:51:20.807Z - info: Server started.
2017-12-25T03:51:20.809Z - info: Server DNS:		test.io
2017-12-25T03:51:20.809Z - info: Server Port:		8080
2017-12-25T03:51:20.809Z - info: Log Level:		debug
2017-12-25T03:51:20.809Z - info:  
2017-12-25T03:51:20.810Z - info: Sub-Domains
2017-12-25T03:51:20.810Z - info: rajpatel.test.io
2017-12-25T03:51:20.810Z - info:  
2017-12-25T03:51:24.501Z - info: Server started.
2017-12-25T03:51:24.502Z - info: Server DNS:		test.io
2017-12-25T03:51:24.502Z - info: Server Port:		8080
2017-12-25T03:51:24.502Z - info: Log Level:		debug
2017-12-25T03:51:24.502Z - info:  
2017-12-25T03:51:24.502Z - info: Sub-Domains
2017-12-25T03:51:24.502Z - info: rajpatel.test.io
2017-12-25T03:51:24.503Z - info:  
2017-12-25T03:51:29.308Z - info: Server started.
2017-12-25T03:51:29.309Z - info: Server DNS:		test.io
2017-12-25T03:51:29.310Z - info: Server Port:		8080
2017-12-25T03:51:29.310Z - info: Log Level:		debug
2017-12-25T03:51:29.310Z - info:  
2017-12-25T03:51:29.310Z - info: Sub-Domains
2017-12-25T03:51:29.310Z - info: rajpatel.test.io
2017-12-25T03:51:29.310Z - info:  
2017-12-25T03:51:38.060Z - info: Server started.
2017-12-25T03:51:38.061Z - info: Server DNS:		test.io
2017-12-25T03:51:38.061Z - info: Server Port:		8080
2017-12-25T03:51:38.061Z - info: Log Level:		debug
2017-12-25T03:51:38.061Z - info:  
2017-12-25T03:51:38.061Z - info: Sub-Domains
2017-12-25T03:51:38.061Z - info: rajpatel.test.io
2017-12-25T03:51:38.061Z - info:  
2017-12-25T03:53:14.609Z - info: Server started.
2017-12-25T03:53:14.610Z - info: Server DNS:		test.io
2017-12-25T03:53:14.610Z - info: Server Port:		8080
2017-12-25T03:53:14.610Z - info: Log Level:		debug
2017-12-25T03:53:14.610Z - info:  
2017-12-25T03:53:14.610Z - info: Sub-Domains
2017-12-25T03:53:14.610Z - info: rajpatel.test.io
2017-12-25T03:53:14.610Z - info:  
2017-12-25T03:55:59.591Z - info: Server started.
2017-12-25T03:55:59.592Z - info: Server DNS:		test.io
2017-12-25T03:55:59.592Z - info: Server Port:		8080
2017-12-25T03:55:59.592Z - info: Log Level:		debug
2017-12-25T03:55:59.592Z - info:  
2017-12-25T03:55:59.592Z - info: Sub-Domains
2017-12-25T03:55:59.592Z - info: rajpatel.test.io
2017-12-25T03:55:59.592Z - info:  
2017-12-25T03:56:38.071Z - info: Server started.
2017-12-25T03:56:38.072Z - info: Server DNS:		test.io
2017-12-25T03:56:38.072Z - info: Server Port:		8080
2017-12-25T03:56:38.072Z - info: Log Level:		debug
2017-12-25T03:56:38.072Z - info:  
2017-12-25T03:56:38.072Z - info: Sub-Domains
2017-12-25T03:56:38.073Z - info: rajpatel.test.io
2017-12-25T03:56:38.073Z - info:  
2017-12-25T04:00:56.306Z - info: Server started.
2017-12-25T04:00:56.307Z - info: Server DNS:		test.io
2017-12-25T04:00:56.307Z - info: Server Port:		8080
2017-12-25T04:00:56.307Z - info: Log Level:		debug
2017-12-25T04:00:56.307Z - info:  
2017-12-25T04:00:56.307Z - info: Sub-Domains
2017-12-25T04:00:56.307Z - info: rajpatel.test.io
2017-12-25T04:00:56.307Z - info:  
2017-12-25T04:01:05.915Z - info: Server started.
2017-12-25T04:01:05.916Z - info: Server DNS:		test.io
2017-12-25T04:01:05.916Z - info: Server Port:		8080
2017-12-25T04:01:05.916Z - info: Log Level:		debug
2017-12-25T04:01:05.917Z - info:  
2017-12-25T04:01:05.917Z - info: Sub-Domains
2017-12-25T04:01:05.917Z - info: rajpatel.test.io
2017-12-25T04:01:05.917Z - info:  
2017-12-25T04:01:19.729Z - info: Server started.
2017-12-25T04:01:19.730Z - info: Server DNS:		test.io
2017-12-25T04:01:19.730Z - info: Server Port:		8080
2017-12-25T04:01:19.730Z - info: Log Level:		debug
2017-12-25T04:01:19.730Z - info:  
2017-12-25T04:01:19.730Z - info: Sub-Domains
2017-12-25T04:01:19.731Z - info: rajpatel.test.io
2017-12-25T04:01:19.731Z - info:  
2017-12-25T04:01:31.435Z - info: Server started.
2017-12-25T04:01:31.437Z - info: Server DNS:		test.io
2017-12-25T04:01:31.437Z - info: Server Port:		8080
2017-12-25T04:01:31.437Z - info: Log Level:		debug
2017-12-25T04:01:31.437Z - info:  
2017-12-25T04:01:31.437Z - info: Sub-Domains
2017-12-25T04:01:31.437Z - info: rajpatel.test.io
2017-12-25T04:01:31.437Z - info:  
2017-12-25T04:02:07.414Z - info: Server started.
2017-12-25T04:02:07.415Z - info: Server DNS:		test.io
2017-12-25T04:02:07.415Z - info: Server Port:		8080
2017-12-25T04:02:07.415Z - info: Log Level:		debug
2017-12-25T04:02:07.415Z - info:  
2017-12-25T04:02:07.415Z - info: Sub-Domains
2017-12-25T04:02:07.415Z - info: rajpatel.test.io
2017-12-25T04:02:07.415Z - info:  
2017-12-25T04:02:24.665Z - info: Server started.
2017-12-25T04:02:24.666Z - info: Server DNS:		test.io
2017-12-25T04:02:24.666Z - info: Server Port:		8080
2017-12-25T04:02:24.666Z - info: Log Level:		debug
2017-12-25T04:02:24.666Z - info:  
2017-12-25T04:02:24.666Z - info: Sub-Domains
2017-12-25T04:02:24.666Z - info: rajpatel.test.io
2017-12-25T04:02:24.666Z - info:  
2017-12-25T04:02:29.132Z - info: Server started.
2017-12-25T04:02:29.133Z - info: Server DNS:		test.io
2017-12-25T04:02:29.133Z - info: Server Port:		8080
2017-12-25T04:02:29.133Z - info: Log Level:		debug
2017-12-25T04:02:29.133Z - info:  
2017-12-25T04:02:29.133Z - info: Sub-Domains
2017-12-25T04:02:29.133Z - info: rajpatel.test.io
2017-12-25T04:02:29.133Z - info:  
2017-12-25T04:02:33.430Z - info: Server started.
2017-12-25T04:02:33.431Z - info: Server DNS:		test.io
2017-12-25T04:02:33.431Z - info: Server Port:		8080
2017-12-25T04:02:33.431Z - info: Log Level:		debug
2017-12-25T04:02:33.431Z - info:  
2017-12-25T04:02:33.431Z - info: Sub-Domains
2017-12-25T04:02:33.431Z - info: rajpatel.test.io
2017-12-25T04:02:33.431Z - info:  
2017-12-25T04:02:58.925Z - info: Server started.
2017-12-25T04:02:58.926Z - info: Server DNS:		test.io
2017-12-25T04:02:58.926Z - info: Server Port:		8080
2017-12-25T04:02:58.926Z - info: Log Level:		debug
2017-12-25T04:02:58.926Z - info:  
2017-12-25T04:02:58.926Z - info: Sub-Domains
2017-12-25T04:02:58.926Z - info: rajpatel.test.io
2017-12-25T04:02:58.926Z - info:  
2017-12-25T04:05:22.966Z - info: Server started.
2017-12-25T04:05:22.967Z - info: Server DNS:		test.io
2017-12-25T04:05:22.967Z - info: Server Port:		8080
2017-12-25T04:05:22.967Z - info: Log Level:		debug
2017-12-25T04:05:22.967Z - info:  
2017-12-25T04:05:22.967Z - info: Sub-Domains
2017-12-25T04:05:22.967Z - info: rajpatel.test.io
2017-12-25T04:05:22.967Z - info:  
2017-12-25T04:06:42.583Z - info: Server started.
2017-12-25T04:06:42.584Z - info: Server DNS:		test.io
2017-12-25T04:06:42.584Z - info: Server Port:		8080
2017-12-25T04:06:42.584Z - info: Log Level:		debug
2017-12-25T04:06:42.584Z - info:  
2017-12-25T04:06:42.584Z - info: Sub-Domains
2017-12-25T04:06:42.584Z - info: rajpatel.test.io
2017-12-25T04:06:42.584Z - info:  
2017-12-25T04:07:51.388Z - info: Server started.
2017-12-25T04:07:51.390Z - info: Server DNS:		test.io
2017-12-25T04:07:51.390Z - info: Server Port:		8080
2017-12-25T04:07:51.390Z - info: Log Level:		debug
2017-12-25T04:07:51.390Z - info:  
2017-12-25T04:07:51.390Z - info: Sub-Domains
2017-12-25T04:07:51.390Z - info: rajpatel.test.io
2017-12-25T04:07:51.390Z - info:  
2017-12-25T04:08:00.743Z - info: Server started.
2017-12-25T04:08:00.744Z - info: Server DNS:		test.io
2017-12-25T04:08:00.744Z - info: Server Port:		8080
2017-12-25T04:08:00.744Z - info: Log Level:		debug
2017-12-25T04:08:00.744Z - info:  
2017-12-25T04:08:00.745Z - info: Sub-Domains
2017-12-25T04:08:00.745Z - info: rajpatel.test.io
2017-12-25T04:08:00.745Z - info:  
2017-12-25T04:08:11.184Z - info: Server started.
2017-12-25T04:08:11.185Z - info: Server DNS:		test.io
2017-12-25T04:08:11.185Z - info: Server Port:		8080
2017-12-25T04:08:11.185Z - info: Log Level:		debug
2017-12-25T04:08:11.185Z - info:  
2017-12-25T04:08:11.185Z - info: Sub-Domains
2017-12-25T04:08:11.185Z - info: rajpatel.test.io
2017-12-25T04:08:11.186Z - info:  
2017-12-25T04:08:19.721Z - info: Server started.
2017-12-25T04:08:19.722Z - info: Server DNS:		test.io
2017-12-25T04:08:19.722Z - info: Server Port:		8080
2017-12-25T04:08:19.722Z - info: Log Level:		debug
2017-12-25T04:08:19.722Z - info:  
2017-12-25T04:08:19.722Z - info: Sub-Domains
2017-12-25T04:08:19.722Z - info: rajpatel.test.io
2017-12-25T04:08:19.723Z - info:  
2017-12-25T04:09:13.097Z - info: Server started.
2017-12-25T04:09:13.098Z - info: Server DNS:		test.io
2017-12-25T04:09:13.098Z - info: Server Port:		8080
2017-12-25T04:09:13.098Z - info: Log Level:		debug
2017-12-25T04:09:13.098Z - info:  
2017-12-25T04:09:13.098Z - info: Sub-Domains
2017-12-25T04:09:13.099Z - info: rajpatel.test.io
2017-12-25T04:09:13.099Z - info:  
2017-12-25T04:09:38.676Z - info: Server started.
2017-12-25T04:09:38.677Z - info: Server DNS:		test.io
2017-12-25T04:09:38.677Z - info: Server Port:		8080
2017-12-25T04:09:38.677Z - info: Log Level:		debug
2017-12-25T04:09:38.677Z - info:  
2017-12-25T04:09:38.677Z - info: Sub-Domains
2017-12-25T04:09:38.677Z - info: rajpatel.test.io
2017-12-25T04:09:38.677Z - info:  
2017-12-25T04:12:18.063Z - info: Server started.
2017-12-25T04:12:18.063Z - info: Server DNS:		test.io
2017-12-25T04:12:18.064Z - info: Server Port:		8080
2017-12-25T04:12:18.064Z - info: Log Level:		debug
2017-12-25T04:12:18.064Z - info:  
2017-12-25T04:12:18.064Z - info: Sub-Domains
2017-12-25T04:12:18.064Z - info: rajpatel.test.io
2017-12-25T04:12:18.064Z - info:  
2017-12-25T04:12:30.776Z - info: Server started.
2017-12-25T04:12:30.777Z - info: Server DNS:		test.io
2017-12-25T04:12:30.777Z - info: Server Port:		8080
2017-12-25T04:12:30.777Z - info: Log Level:		debug
2017-12-25T04:12:30.777Z - info:  
2017-12-25T04:12:30.777Z - info: Sub-Domains
2017-12-25T04:12:30.777Z - info: rajpatel.test.io
2017-12-25T04:12:30.777Z - info:  
2017-12-25T04:12:37.941Z - info: Server started.
2017-12-25T04:12:37.942Z - info: Server DNS:		test.io
2017-12-25T04:12:37.942Z - info: Server Port:		8080
2017-12-25T04:12:37.942Z - info: Log Level:		debug
2017-12-25T04:12:37.942Z - info:  
2017-12-25T04:12:37.942Z - info: Sub-Domains
2017-12-25T04:12:37.942Z - info: rajpatel.test.io
2017-12-25T04:12:37.942Z - info:  
2017-12-25T04:13:21.845Z - info: Server started.
2017-12-25T04:13:21.846Z - info: Server DNS:		test.io
2017-12-25T04:13:21.846Z - info: Server Port:		8080
2017-12-25T04:13:21.846Z - info: Log Level:		debug
2017-12-25T04:13:21.846Z - info:  
2017-12-25T04:13:21.847Z - info: Sub-Domains
2017-12-25T04:13:21.847Z - info: rajpatel.test.io
2017-12-25T04:13:21.847Z - info:  
2017-12-25T04:13:29.812Z - info: Server started.
2017-12-25T04:13:29.813Z - info: Server DNS:		test.io
2017-12-25T04:13:29.813Z - info: Server Port:		8080
2017-12-25T04:13:29.813Z - info: Log Level:		debug
2017-12-25T04:13:29.813Z - info:  
2017-12-25T04:13:29.814Z - info: Sub-Domains
2017-12-25T04:13:29.814Z - info: rajpatel.test.io
2017-12-25T04:13:29.814Z - info:  
2017-12-25T04:13:42.819Z - info: Server started.
2017-12-25T04:13:42.820Z - info: Server DNS:		test.io
2017-12-25T04:13:42.820Z - info: Server Port:		8080
2017-12-25T04:13:42.820Z - info: Log Level:		debug
2017-12-25T04:13:42.821Z - info:  
2017-12-25T04:13:42.821Z - info: Sub-Domains
2017-12-25T04:13:42.821Z - info: rajpatel.test.io
2017-12-25T04:13:42.821Z - info:  
2017-12-25T04:13:51.819Z - info: Server started.
2017-12-25T04:13:51.820Z - info: Server DNS:		test.io
2017-12-25T04:13:51.820Z - info: Server Port:		8080
2017-12-25T04:13:51.820Z - info: Log Level:		debug
2017-12-25T04:13:51.820Z - info:  
2017-12-25T04:13:51.820Z - info: Sub-Domains
2017-12-25T04:13:51.820Z - info: rajpatel.test.io
2017-12-25T04:13:51.820Z - info:  
2017-12-25T04:13:56.543Z - info: Server started.
2017-12-25T04:13:56.544Z - info: Server DNS:		test.io
2017-12-25T04:13:56.544Z - info: Server Port:		8080
2017-12-25T04:13:56.544Z - info: Log Level:		debug
2017-12-25T04:13:56.544Z - info:  
2017-12-25T04:13:56.544Z - info: Sub-Domains
2017-12-25T04:13:56.544Z - info: rajpatel.test.io
2017-12-25T04:13:56.544Z - info:  
2017-12-25T04:14:10.071Z - info: Server started.
2017-12-25T04:14:10.071Z - info: Server DNS:		test.io
2017-12-25T04:14:10.071Z - info: Server Port:		8080
2017-12-25T04:14:10.071Z - info: Log Level:		debug
2017-12-25T04:14:10.071Z - info:  
2017-12-25T04:14:10.072Z - info: Sub-Domains
2017-12-25T04:14:10.072Z - info: rajpatel.test.io
2017-12-25T04:14:10.072Z - info:  
2017-12-25T04:14:34.551Z - info: Server started.
2017-12-25T04:14:34.552Z - info: Server DNS:		test.io
2017-12-25T04:14:34.552Z - info: Server Port:		8080
2017-12-25T04:14:34.552Z - info: Log Level:		debug
2017-12-25T04:14:34.552Z - info:  
2017-12-25T04:14:34.552Z - info: Sub-Domains
2017-12-25T04:14:34.552Z - info: rajpatel.test.io
2017-12-25T04:14:34.552Z - info:  
2017-12-25T04:14:46.579Z - info: Server started.
2017-12-25T04:14:46.580Z - info: Server DNS:		test.io
2017-12-25T04:14:46.580Z - info: Server Port:		8080
2017-12-25T04:14:46.580Z - info: Log Level:		debug
2017-12-25T04:14:46.580Z - info:  
2017-12-25T04:14:46.580Z - info: Sub-Domains
2017-12-25T04:14:46.581Z - info: rajpatel.test.io
2017-12-25T04:14:46.581Z - info:  
2017-12-25T04:15:09.084Z - info: Server started.
2017-12-25T04:15:09.085Z - info: Server DNS:		test.io
2017-12-25T04:15:09.086Z - info: Server Port:		8080
2017-12-25T04:15:09.086Z - info: Log Level:		debug
2017-12-25T04:15:09.086Z - info:  
2017-12-25T04:15:09.086Z - info: Sub-Domains
2017-12-25T04:15:09.086Z - info: rajpatel.test.io
2017-12-25T04:15:09.086Z - info:  
2017-12-25T04:15:13.574Z - info: Server started.
2017-12-25T04:15:13.575Z - info: Server DNS:		test.io
2017-12-25T04:15:13.575Z - info: Server Port:		8080
2017-12-25T04:15:13.576Z - info: Log Level:		debug
2017-12-25T04:15:13.576Z - info:  
2017-12-25T04:15:13.576Z - info: Sub-Domains
2017-12-25T04:15:13.576Z - info: rajpatel.test.io
2017-12-25T04:15:13.576Z - info:  
2017-12-25T04:16:17.089Z - info: Server started.
2017-12-25T04:16:17.090Z - info: Server DNS:		test.io
2017-12-25T04:16:17.090Z - info: Server Port:		8080
2017-12-25T04:16:17.090Z - info: Log Level:		debug
2017-12-25T04:16:17.090Z - info:  
2017-12-25T04:16:17.090Z - info: Sub-Domains
2017-12-25T04:16:17.090Z - info: rajpatel.test.io
2017-12-25T04:16:17.090Z - info:  
2017-12-25T04:16:20.012Z - info: Server started.
2017-12-25T04:16:20.013Z - info: Server DNS:		test.io
2017-12-25T04:16:20.013Z - info: Server Port:		8080
2017-12-25T04:16:20.013Z - info: Log Level:		debug
2017-12-25T04:16:20.013Z - info:  
2017-12-25T04:16:20.013Z - info: Sub-Domains
2017-12-25T04:16:20.013Z - info: rajpatel.test.io
2017-12-25T04:16:20.013Z - info:  
2017-12-25T04:16:58.167Z - info: Server started.
2017-12-25T04:16:58.167Z - info: Server DNS:		test.io
2017-12-25T04:16:58.167Z - info: Server Port:		8080
2017-12-25T04:16:58.167Z - info: Log Level:		debug
2017-12-25T04:16:58.168Z - info:  
2017-12-25T04:16:58.168Z - info: Sub-Domains
2017-12-25T04:16:58.168Z - info: rajpatel.test.io
2017-12-25T04:16:58.168Z - info:  
2017-12-25T04:17:38.708Z - info: Server started.
2017-12-25T04:17:38.709Z - info: Server DNS:		test.io
2017-12-25T04:17:38.709Z - info: Server Port:		8080
2017-12-25T04:17:38.709Z - info: Log Level:		debug
2017-12-25T04:17:38.709Z - info:  
2017-12-25T04:17:38.709Z - info: Sub-Domains
2017-12-25T04:17:38.709Z - info: rajpatel.test.io
2017-12-25T04:17:38.710Z - info:  
2017-12-25T04:17:47.710Z - info: Server started.
2017-12-25T04:17:47.711Z - info: Server DNS:		test.io
2017-12-25T04:17:47.711Z - info: Server Port:		8080
2017-12-25T04:17:47.711Z - info: Log Level:		debug
2017-12-25T04:17:47.711Z - info:  
2017-12-25T04:17:47.711Z - info: Sub-Domains
2017-12-25T04:17:47.711Z - info: rajpatel.test.io
2017-12-25T04:17:47.711Z - info:  
2017-12-25T04:17:51.730Z - info: Server started.
2017-12-25T04:17:51.731Z - info: Server DNS:		test.io
2017-12-25T04:17:51.731Z - info: Server Port:		8080
2017-12-25T04:17:51.731Z - info: Log Level:		debug
2017-12-25T04:17:51.731Z - info:  
2017-12-25T04:17:51.732Z - info: Sub-Domains
2017-12-25T04:17:51.732Z - info: rajpatel.test.io
2017-12-25T04:17:51.732Z - info:  
2017-12-25T04:18:01.243Z - info: Server started.
2017-12-25T04:18:01.244Z - info: Server DNS:		test.io
2017-12-25T04:18:01.244Z - info: Server Port:		8080
2017-12-25T04:18:01.244Z - info: Log Level:		debug
2017-12-25T04:18:01.244Z - info:  
2017-12-25T04:18:01.244Z - info: Sub-Domains
2017-12-25T04:18:01.244Z - info: rajpatel.test.io
2017-12-25T04:18:01.244Z - info:  
2017-12-25T04:18:59.874Z - info: Server started.
2017-12-25T04:18:59.875Z - info: Server DNS:		test.io
2017-12-25T04:18:59.875Z - info: Server Port:		8080
2017-12-25T04:18:59.875Z - info: Log Level:		debug
2017-12-25T04:18:59.875Z - info:  
2017-12-25T04:18:59.876Z - info: Sub-Domains
2017-12-25T04:18:59.876Z - info: rajpatel.test.io
2017-12-25T04:18:59.876Z - info:  
2017-12-25T04:23:21.155Z - info: Server started.
2017-12-25T04:23:21.156Z - info: Server DNS:		test.io
2017-12-25T04:23:21.156Z - info: Server Port:		8080
2017-12-25T04:23:21.157Z - info: Log Level:		debug
2017-12-25T04:23:21.157Z - info:  
2017-12-25T04:23:21.157Z - info: Sub-Domains
2017-12-25T04:23:21.157Z - info: rajpatel.test.io
2017-12-25T04:23:21.157Z - info:  
2017-12-25T04:25:38.396Z - info: Server started.
2017-12-25T04:25:38.397Z - info: Server DNS:		test.io
2017-12-25T04:25:38.397Z - info: Server Port:		8080
2017-12-25T04:25:38.397Z - info: Log Level:		debug
2017-12-25T04:25:38.397Z - info:  
2017-12-25T04:25:38.397Z - info: Sub-Domains
2017-12-25T04:25:38.397Z - info: rajpatel.test.io
2017-12-25T04:25:38.397Z - info:  
2017-12-25T04:32:35.299Z - info: Server started.
2017-12-25T04:32:35.300Z - info: Server DNS:		test.io
2017-12-25T04:32:35.300Z - info: Server Port:		8080
2017-12-25T04:32:35.300Z - info: Log Level:		debug
2017-12-25T04:32:35.301Z - info:  
2017-12-25T04:32:35.301Z - info: Sub-Domains
2017-12-25T04:32:35.301Z - info: rajpatel.test.io
2017-12-25T04:32:35.301Z - info:  
2017-12-25T04:32:46.291Z - info: Server started.
2017-12-25T04:32:46.292Z - info: Server DNS:		test.io
2017-12-25T04:32:46.292Z - info: Server Port:		8080
2017-12-25T04:32:46.292Z - info: Log Level:		debug
2017-12-25T04:32:46.292Z - info:  
2017-12-25T04:32:46.292Z - info: Sub-Domains
2017-12-25T04:32:46.292Z - info: rajpatel.test.io
2017-12-25T04:32:46.293Z - info:  
2017-12-25T04:32:56.632Z - info: Server started.
2017-12-25T04:32:56.633Z - info: Server DNS:		test.io
2017-12-25T04:32:56.633Z - info: Server Port:		8080
2017-12-25T04:32:56.633Z - info: Log Level:		debug
2017-12-25T04:32:56.633Z - info:  
2017-12-25T04:32:56.634Z - info: Sub-Domains
2017-12-25T04:32:56.634Z - info: rajpatel.test.io
2017-12-25T04:32:56.634Z - info:  
2017-12-25T04:33:23.949Z - info: Server started.
2017-12-25T04:33:23.950Z - info: Server DNS:		test.io
2017-12-25T04:33:23.950Z - info: Server Port:		8080
2017-12-25T04:33:23.950Z - info: Log Level:		debug
2017-12-25T04:33:23.950Z - info:  
2017-12-25T04:33:23.951Z - info: Sub-Domains
2017-12-25T04:33:23.951Z - info: rajpatel.test.io
2017-12-25T04:33:23.951Z - info:  
2017-12-25T04:34:37.901Z - info: Server started.
2017-12-25T04:34:37.901Z - info: Server DNS:		test.io
2017-12-25T04:34:37.901Z - info: Server Port:		8080
2017-12-25T04:34:37.902Z - info: Log Level:		debug
2017-12-25T04:34:37.902Z - info:  
2017-12-25T04:34:37.902Z - info: Sub-Domains
2017-12-25T04:34:37.902Z - info: rajpatel.test.io
2017-12-25T04:34:37.902Z - info:  
2017-12-25T04:34:46.898Z - info: Server started.
2017-12-25T04:34:46.899Z - info: Server DNS:		test.io
2017-12-25T04:34:46.899Z - info: Server Port:		8080
2017-12-25T04:34:46.899Z - info: Log Level:		debug
2017-12-25T04:34:46.900Z - info:  
2017-12-25T04:34:46.900Z - info: Sub-Domains
2017-12-25T04:34:46.900Z - info: rajpatel.test.io
2017-12-25T04:34:46.900Z - info:  
2017-12-25T04:34:54.700Z - info: Server started.
2017-12-25T04:34:54.701Z - info: Server DNS:		test.io
2017-12-25T04:34:54.701Z - info: Server Port:		8080
2017-12-25T04:34:54.701Z - info: Log Level:		debug
2017-12-25T04:34:54.701Z - info:  
2017-12-25T04:34:54.701Z - info: Sub-Domains
2017-12-25T04:34:54.701Z - info: rajpatel.test.io
2017-12-25T04:34:54.701Z - info:  
2017-12-25T04:35:15.147Z - info: Server started.
2017-12-25T04:35:15.148Z - info: Server DNS:		test.io
2017-12-25T04:35:15.148Z - info: Server Port:		8080
2017-12-25T04:35:15.148Z - info: Log Level:		debug
2017-12-25T04:35:15.148Z - info:  
2017-12-25T04:35:15.148Z - info: Sub-Domains
2017-12-25T04:35:15.148Z - info: rajpatel.test.io
2017-12-25T04:35:15.149Z - info:  
2017-12-25T04:35:39.564Z - info: Server started.
2017-12-25T04:35:39.565Z - info: Server DNS:		test.io
2017-12-25T04:35:39.565Z - info: Server Port:		8080
2017-12-25T04:35:39.565Z - info: Log Level:		debug
2017-12-25T04:35:39.565Z - info:  
2017-12-25T04:35:39.565Z - info: Sub-Domains
2017-12-25T04:35:39.565Z - info: rajpatel.test.io
2017-12-25T04:35:39.565Z - info:  
2017-12-25T04:35:57.108Z - info: Server started.
2017-12-25T04:35:57.109Z - info: Server DNS:		test.io
2017-12-25T04:35:57.109Z - info: Server Port:		8080
2017-12-25T04:35:57.109Z - info: Log Level:		debug
2017-12-25T04:35:57.109Z - info:  
2017-12-25T04:35:57.109Z - info: Sub-Domains
2017-12-25T04:35:57.109Z - info: rajpatel.test.io
2017-12-25T04:35:57.109Z - info:  
2017-12-25T04:36:01.287Z - info: Server started.
2017-12-25T04:36:01.288Z - info: Server DNS:		test.io
2017-12-25T04:36:01.288Z - info: Server Port:		8080
2017-12-25T04:36:01.288Z - info: Log Level:		debug
2017-12-25T04:36:01.288Z - info:  
2017-12-25T04:36:01.288Z - info: Sub-Domains
2017-12-25T04:36:01.288Z - info: rajpatel.test.io
2017-12-25T04:36:01.288Z - info:  
2017-12-25T04:36:22.744Z - info: Server started.
2017-12-25T04:36:22.745Z - info: Server DNS:		test.io
2017-12-25T04:36:22.745Z - info: Server Port:		8080
2017-12-25T04:36:22.745Z - info: Log Level:		debug
2017-12-25T04:36:22.745Z - info:  
2017-12-25T04:36:22.745Z - info: Sub-Domains
2017-12-25T04:36:22.745Z - info: rajpatel.test.io
2017-12-25T04:36:22.746Z - info:  
2017-12-25T04:36:33.279Z - info: Server started.
2017-12-25T04:36:33.280Z - info: Server DNS:		test.io
2017-12-25T04:36:33.281Z - info: Server Port:		8080
2017-12-25T04:36:33.281Z - info: Log Level:		debug
2017-12-25T04:36:33.281Z - info:  
2017-12-25T04:36:33.281Z - info: Sub-Domains
2017-12-25T04:36:33.281Z - info: rajpatel.test.io
2017-12-25T04:36:33.281Z - info:  
2017-12-25T04:36:36.772Z - info: Server started.
2017-12-25T04:36:36.773Z - info: Server DNS:		test.io
2017-12-25T04:36:36.773Z - info: Server Port:		8080
2017-12-25T04:36:36.773Z - info: Log Level:		debug
2017-12-25T04:36:36.773Z - info:  
2017-12-25T04:36:36.773Z - info: Sub-Domains
2017-12-25T04:36:36.774Z - info: rajpatel.test.io
2017-12-25T04:36:36.774Z - info:  
2017-12-25T04:36:44.696Z - info: Server started.
2017-12-25T04:36:44.697Z - info: Server DNS:		test.io
2017-12-25T04:36:44.697Z - info: Server Port:		8080
2017-12-25T04:36:44.697Z - info: Log Level:		debug
2017-12-25T04:36:44.697Z - info:  
2017-12-25T04:36:44.697Z - info: Sub-Domains
2017-12-25T04:36:44.697Z - info: rajpatel.test.io
2017-12-25T04:36:44.698Z - info:  
